2020-10-10 14:58:46 INFO  AdminProfileServlet:44 - Admin 'Ian' viewed his profile...
2020-10-10 14:58:59 INFO  AdminProductsServlet:136 - Admin 'Ian' edited product with ID=11...
2020-10-10 14:59:02 INFO  AdminProfileServlet:44 - Admin 'Ian' viewed his profile...
2020-10-10 14:59:04 INFO  AdminProfileServlet:44 - Admin 'Ian' viewed his profile...
2020-10-10 14:59:23 INFO  AdminProductsServlet:114 - Admin 'Ian' added new product...
2020-10-10 14:59:27 INFO  AdminProductsServlet:157 - Admin 'Ian' deleted product with ID=12...
2020-10-10 14:59:47 INFO  AdminProfileServlet:44 - Admin 'Ian' viewed his profile...
2020-10-10 15:00:16 INFO  AdminProfileServlet:44 - Admin 'Ian' viewed his profile...
2020-10-10 15:00:17 INFO  MySessionListener:20 - User 'Ian' logged out from his account...
2020-10-10 15:00:30 INFO  ProfileServlet:52 - User 'Lilia' viewed his profile...
2020-10-10 15:00:40 INFO  ProductServlet:123 - Product (ID=1) has been added to the cart
2020-10-10 15:00:41 INFO  ProductServlet:114 - Product (ID=1) has been added to the cart
2020-10-10 15:00:47 INFO  ProductServlet:114 - Product (ID=3) has been added to the cart
2020-10-10 15:00:51 INFO  CartServlet:83 - Product (ID=3) has been removed from the cart...
2020-10-10 15:00:53 INFO  ProductServlet:114 - Product (ID=3) has been added to the cart
2020-10-10 15:01:03 INFO  ProfileServlet:52 - User 'Lilia' viewed his profile...
2020-10-10 15:01:05 INFO  OrderServlet:73 - User 'Lilia' created new order...
2020-10-10 15:01:07 INFO  ProfileServlet:52 - User 'Lilia' viewed his profile...
2020-10-10 15:01:10 INFO  ProfileServlet:52 - User 'Lilia' viewed his profile...
2020-10-10 15:01:35 INFO  ProfileServlet:52 - User 'Lilia' viewed his profile...
2020-10-10 15:01:37 INFO  MySessionListener:20 - User 'Lilia' logged out from his account...
2020-10-10 15:01:41 INFO  AdminProfileServlet:44 - Admin 'Ian' viewed his profile...
2020-10-10 15:02:01 INFO  AdminProfileServlet:44 - Admin 'Ian' viewed his profile...
2020-10-10 15:02:05 INFO  AdminProfileServlet:44 - Admin 'Ian' viewed his profile...
2020-10-10 15:02:07 INFO  AdminProfileServlet:44 - Admin 'Ian' viewed his profile...
2020-10-10 15:02:08 INFO  AdminProfileServlet:44 - Admin 'Ian' viewed his profile...
2020-10-10 15:02:09 INFO  MySessionListener:20 - User 'Ian' logged out from his account...
